<?xml version="1.0" encoding="UTF-8"?>
<!-- Generated by org.testng.reporters.JUnitReportReporter -->
<testsuite hostname="LAPTOP-7L7TDHRV" failures="0" tests="1" name="com.sagrika.restAssuredApiAutomation.PostApiUsingPojoTest" time="2.067" errors="0" timestamp="03 Jun 2023 06:39:20 GMT" skipped="0">
  <testcase classname="com.sagrika.restAssuredApiAutomation.PostApiUsingPojoTest" name="patchRequest" time="2.067"/>
</testsuite> <!-- com.sagrika.restAssuredApiAutomation.PostApiUsingPojoTest -->
