<?xml version="1.0" encoding="UTF-8"?>
<!-- Generated by org.testng.reporters.JUnitReportReporter -->
<testsuite hostname="LAPTOP-7L7TDHRV" failures="0" tests="1" name="com.sagrika.webdriver.scenarios.PlayingWithModalWindowAndWaitsTest" time="0.283" errors="0" timestamp="28 May 2023 13:00:57 GMT" skipped="0">
  <testcase classname="com.sagrika.webdriver.scenarios.PlayingWithModalWindowAndWaitsTest" name="testForAlert" time="0.283"/>
</testsuite> <!-- com.sagrika.webdriver.scenarios.PlayingWithModalWindowAndWaitsTest -->
