<?xml version="1.0" encoding="UTF-8"?>
<!-- Generated by org.testng.reporters.JUnitReportReporter -->
<testsuite hostname="LAPTOP-7L7TDHRV" failures="0" tests="1" name="com.sagrika.restAssuredApiAutomation.TestTwoRestAssured" time="1.547" errors="0" timestamp="29 Aug 2023 01:56:52 GMT" skipped="0">
  <testcase classname="com.sagrika.restAssuredApiAutomation.TestTwoRestAssured" name="testData" time="1.547"/>
</testsuite> <!-- com.sagrika.restAssuredApiAutomation.TestTwoRestAssured -->
