<?xml version="1.0" encoding="UTF-8"?>
<!-- Generated by org.testng.reporters.JUnitReportReporter -->
<testsuite hostname="LAPTOP-7L7TDHRV" failures="0" tests="1" name="com.sagrika.webdriver.scenarios.CheckElementStyleTest" time="0.241" errors="0" timestamp="24 May 2023 14:47:22 GMT" skipped="0">
  <testcase classname="com.sagrika.webdriver.scenarios.CheckElementStyleTest" name="exploreWebElementGetLocationAndSizeOfDisabledInputFeild" time="0.241"/>
</testsuite> <!-- com.sagrika.webdriver.scenarios.CheckElementStyleTest -->
