<?xml version="1.0" encoding="UTF-8"?>
<!-- Generated by org.testng.reporters.JUnitReportReporter -->
<testsuite hostname="LAPTOP-7L7TDHRV" failures="0" tests="1" name="com.sagrika.webdriver.scenarios.OpenANewWindowTest" time="0.371" errors="0" timestamp="28 May 2023 13:13:31 GMT" skipped="0">
  <testcase classname="com.sagrika.webdriver.scenarios.OpenANewWindowTest" name="testForWindows" time="0.371"/>
</testsuite> <!-- com.sagrika.webdriver.scenarios.OpenANewWindowTest -->
