<?xml version="1.0" encoding="UTF-8"?>
<!-- Generated by org.testng.reporters.JUnitReportReporter -->
<testsuite hostname="LAPTOP-7L7TDHRV" failures="0" tests="1" name="com.sagrika.restAssuredApiAutomation.TestTwoRestAssuredTest" time="2.462" errors="0" timestamp="03 Jun 2023 05:24:27 GMT" skipped="0">
  <testcase classname="com.sagrika.restAssuredApiAutomation.TestTwoRestAssuredTest" name="testPut" time="2.462"/>
</testsuite> <!-- com.sagrika.restAssuredApiAutomation.TestTwoRestAssuredTest -->
