<?xml version="1.0" encoding="UTF-8"?>
<!-- Generated by org.testng.reporters.JUnitReportReporter -->
<testsuite hostname="LAPTOP-7L7TDHRV" failures="0" tests="1" name="com.sagrika.webdriver.scenarios.PlayingWithScreenWindowTest" time="33.144" errors="0" timestamp="24 May 2023 15:42:40 GMT" skipped="0">
  <testcase classname="com.sagrika.webdriver.scenarios.PlayingWithScreenWindowTest" name="backForwardAndNavigation" time="33.144"/>
</testsuite> <!-- com.sagrika.webdriver.scenarios.PlayingWithScreenWindowTest -->
